2025-05-17 13:45:15,211 - INFO - DataProcessing Intialized
2025-05-17 13:45:16,141 - INFO - Data loaded sucessfully for Data Processing
2025-05-17 13:45:16,405 - INFO - Filtered users sucesfully...
2025-05-17 13:45:16,907 - INFO - Scaling done for Processing
2025-05-17 13:45:16,985 - INFO - Encoding done for Users and Anime
2025-05-17 13:45:17,421 - INFO - Data splitted sucesfullyy
2025-05-17 13:45:17,442 - INFO - user2user_encoded save sucessfully in processed directory
2025-05-17 13:45:17,458 - INFO - user2user_decoded save sucessfully in processed directory
2025-05-17 13:45:17,474 - INFO - anime2anime_encoded save sucessfully in processed directory
2025-05-17 13:45:17,490 - INFO - anime2anime_decoded save sucessfully in processed directory
2025-05-17 13:45:21,641 - INFO - All the training testing data as well as rating_df is saved now....
2025-05-17 13:45:24,904 - INFO - DF AND SYNOPSIS_DF Saved Sucesfully.....
2025-05-17 13:45:24,906 - INFO - Data Processing Pipeline Run Sucesfully ...... Congrats
2025-05-17 13:45:30,663 - INFO - Model Training and COMET ML initialized.....
2025-05-17 13:45:30,713 - INFO - Data loaded sucesfully for Model Training
2025-05-17 13:45:30,718 - INFO - Succesfully read the YAML file
2025-05-17 13:45:30,718 - INFO - Loaded configuration from config.yaml
2025-05-17 13:45:30,771 - INFO - Model created sucesfully......
2025-05-17 13:45:48,296 - INFO - Model training Completed .......
2025-05-17 13:45:48,297 - WARNING - You are saving your model as an HDF5 file via `model.save()` or `keras.saving.save_model(model)`. This file format is considered legacy. We recommend using instead the native Keras format, e.g. `model.save('my_model.keras')` or `keras.saving.save_model(model, 'my_model.keras')`. 
2025-05-17 13:45:48,599 - INFO - Model saved to artifacts/models\model.h5
2025-05-17 13:45:48,602 - INFO - Extracting weights for user_embedding
2025-05-17 13:45:48,608 - INFO - Extracting weights for anime_embedding
2025-05-17 13:45:48,844 - INFO - User and Anime weights saved sucesfully......
